Using pre-set license
Built from '2021.3/staging' branch; Version is '2021.3.21f1 (1b156197d683) revision 1774945'; Using compiler version '192829333'; Build Type 'Release'
OS: 'Windows 10  (10.0.19044) 64bit Core' Language: 'ru' Physical Memory: 14300 MB
BatchMode: 1, IsHumanControllingUs: 0, StartBugReporterOnCrash: 0, Is64bit: 1, IsPro: 1

COMMAND LINE ARGUMENTS:
C:\Program Files\Unity\Hub\Editor\2021.3.21f1\Editor\Unity.exe
-adb2
-batchMode
-noUpm
-name
AssetImportWorker0
-projectPath
C:/Users/Lerapod/Game
-logFile
Logs/AssetImportWorker0.log
-srvPort
65499
Successfully changed project path to: C:/Users/Lerapod/Game
C:/Users/Lerapod/Game
[UnityMemory] Configuration Parameters - Can be set up in boot.config
    "memorysetup-bucket-allocator-granularity=16"
    "memorysetup-bucket-allocator-bucket-count=8"
    "memorysetup-bucket-allocator-block-size=33554432"
    "memorysetup-bucket-allocator-block-count=8"
    "memorysetup-main-allocator-block-size=16777216"
    "memorysetup-thread-allocator-block-size=16777216"
    "memorysetup-gfx-main-allocator-block-size=16777216"
    "memorysetup-gfx-thread-allocator-block-size=16777216"
    "memorysetup-cache-allocator-block-size=4194304"
    "memorysetup-typetree-allocator-block-size=2097152"
    "memorysetup-profiler-bucket-allocator-granularity=16"
    "memorysetup-profiler-bucket-allocator-bucket-count=8"
    "memorysetup-profiler-bucket-allocator-block-size=33554432"
    "memorysetup-profiler-bucket-allocator-block-count=8"
    "memorysetup-profiler-allocator-block-size=16777216"
    "memorysetup-profiler-editor-allocator-block-size=1048576"
    "memorysetup-temp-allocator-size-main=16777216"
    "memorysetup-job-temp-allocator-block-size=2097152"
    "memorysetup-job-temp-allocator-block-size-background=1048576"
    "memorysetup-job-temp-allocator-reduction-small-platforms=262144"
    "memorysetup-temp-allocator-size-background-worker=32768"
    "memorysetup-temp-allocator-size-job-worker=262144"
    "memorysetup-temp-allocator-size-preload-manager=33554432"
    "memorysetup-temp-allocator-size-nav-mesh-worker=65536"
    "memorysetup-temp-allocator-size-audio-worker=65536"
    "memorysetup-temp-allocator-size-cloud-worker=32768"
    "memorysetup-temp-allocator-size-gi-baking-worker=262144"
    "memorysetup-temp-allocator-size-gfx=262144"
Player connection [16168] Host "[IP] 169.254.132.71 [Port] 0 [Flags] 2 [Guid] 814182830 [EditorId] 814182830 [Version] 1048832 [Id] WindowsEditor(7,DESKTOP-HBKH83O) [Debug] 1 [PackageName] WindowsEditor [ProjectName] Editor" joined multi-casting on [225.0.0.222:54997]...

Player connection [16168] Host "[IP] 169.254.132.71 [Port] 0 [Flags] 2 [Guid] 814182830 [EditorId] 814182830 [Version] 1048832 [Id] WindowsEditor(7,DESKTOP-HBKH83O) [Debug] 1 [PackageName] WindowsEditor [ProjectName] Editor" joined alternative multi-casting on [225.0.0.222:34997]...

Refreshing native plugins compatible for Editor in 150.08 ms, found 3 plugins.
Preloading 0 native plugins for Editor in 0.00 ms.
Initialize engine version: 2021.3.21f1 (1b156197d683)
[Subsystems] Discovering subsystems at path C:/Program Files/Unity/Hub/Editor/2021.3.21f1/Editor/Data/Resources/UnitySubsystems
[Subsystems] Discovering subsystems at path C:/Users/Lerapod/Game/Assets
GfxDevice: creating device client; threaded=0; jobified=0
Direct3D:
    Version:  Direct3D 11.0 [level 10.0]
    Renderer: NVIDIA GeForce 9600 GT (ID=0x622)
    Vendor:   NVIDIA
    VRAM:     991 MB
    Driver:   9.18.13.4174
Could not load symbol clCreateImage : Не найдена указанная процедура.

0x00007ff73bc2d1dd (Unity) StackWalker::GetCurrentCallstack
0x00007ff73bc33d99 (Unity) StackWalker::ShowCallstack
0x00007ff73cbcb913 (Unity) GetStacktrace
0x00007ff73d27a1cd (Unity) DebugStringToFile
0x00007ff73b9bb428 (Unity) LookupSymbol
0x00007ff73cdf91ba (Unity) InitializeOpenCLLibrary
0x00007ff73ccd2839 (Unity) gi::InitializeManagers
0x00007ff73c76fd05 (Unity) Application::InitializeProject
0x00007ff73cbd6078 (Unity) WinMain
0x00007ff73dfb2e1e (Unity) __scrt_common_main_seh
0x00007ff9ba067604 (KERNEL32) BaseThreadInitThunk
0x00007ff9bc0426a1 (ntdll) RtlUserThreadStart

Could not load symbol clEnqueueFillBuffer : Не найдена указанная процедура.

0x00007ff73bc2d1dd (Unity) StackWalker::GetCurrentCallstack
0x00007ff73bc33d99 (Unity) StackWalker::ShowCallstack
0x00007ff73cbcb913 (Unity) GetStacktrace
0x00007ff73d27a1cd (Unity) DebugStringToFile
0x00007ff73b9bb428 (Unity) LookupSymbol
0x00007ff73cdf93e2 (Unity) InitializeOpenCLLibrary
0x00007ff73ccd2839 (Unity) gi::InitializeManagers
0x00007ff73c76fd05 (Unity) Application::InitializeProject
0x00007ff73cbd6078 (Unity) WinMain
0x00007ff73dfb2e1e (Unity) __scrt_common_main_seh
0x00007ff9ba067604 (KERNEL32) BaseThreadInitThunk
0x00007ff9bc0426a1 (ntdll) RtlUserThreadStart

Could not load symbol clEnqueueFillImage : Не найдена указанная процедура.

0x00007ff73bc2d1dd (Unity) StackWalker::GetCurrentCallstack
0x00007ff73bc33d99 (Unity) StackWalker::ShowCallstack
0x00007ff73cbcb913 (Unity) GetStacktrace
0x00007ff73d27a1cd (Unity) DebugStringToFile
0x00007ff73b9bb428 (Unity) LookupSymbol
0x00007ff73cdf943e (Unity) InitializeOpenCLLibrary
0x00007ff73ccd2839 (Unity) gi::InitializeManagers
0x00007ff73c76fd05 (Unity) Application::InitializeProject
0x00007ff73cbd6078 (Unity) WinMain
0x00007ff73dfb2e1e (Unity) __scrt_common_main_seh
0x00007ff9ba067604 (KERNEL32) BaseThreadInitThunk
0x00007ff9bc0426a1 (ntdll) RtlUserThreadStart

Could not load symbol clEnqueueMarkerWithWaitList : Не найдена указанная процедура.

0x00007ff73bc2d1dd (Unity) StackWalker::GetCurrentCallstack
0x00007ff73bc33d99 (Unity) StackWalker::ShowCallstack
0x00007ff73cbcb913 (Unity) GetStacktrace
0x00007ff73d27a1cd (Unity) DebugStringToFile
0x00007ff73b9bb428 (Unity) LookupSymbol
0x00007ff73cdf9694 (Unity) InitializeOpenCLLibrary
0x00007ff73ccd2839 (Unity) gi::InitializeManagers
0x00007ff73c76fd05 (Unity) Application::InitializeProject
0x00007ff73cbd6078 (Unity) WinMain
0x00007ff73dfb2e1e (Unity) __scrt_common_main_seh
0x00007ff9ba067604 (KERNEL32) BaseThreadInitThunk
0x00007ff9bc0426a1 (ntdll) RtlUserThreadStart

Could not load symbol clGetExtensionFunctionAddressForPlatform : Не найдена указанная процедура.

0x00007ff73bc2d1dd (Unity) StackWalker::GetCurrentCallstack
0x00007ff73bc33d99 (Unity) StackWalker::ShowCallstack
0x00007ff73cbcb913 (Unity) GetStacktrace
0x00007ff73d27a1cd (Unity) DebugStringToFile
0x00007ff73b9bb428 (Unity) LookupSymbol
0x00007ff73cdf96f0 (Unity) InitializeOpenCLLibrary
0x00007ff73ccd2839 (Unity) gi::InitializeManagers
0x00007ff73c76fd05 (Unity) Application::InitializeProject
0x00007ff73cbd6078 (Unity) WinMain
0x00007ff73dfb2e1e (Unity) __scrt_common_main_seh
0x00007ff9ba067604 (KERNEL32) BaseThreadInitThunk
0x00007ff9bc0426a1 (ntdll) RtlUserThreadStart

Could not load symbol clUnloadPlatformCompiler : Не найдена указанная процедура.

0x00007ff73bc2d1dd (Unity) StackWalker::GetCurrentCallstack
0x00007ff73bc33d99 (Unity) StackWalker::ShowCallstack
0x00007ff73cbcb913 (Unity) GetStacktrace
0x00007ff73d27a1cd (Unity) DebugStringToFile
0x00007ff73b9bb428 (Unity) LookupSymbol
0x00007ff73cdf97d6 (Unity) InitializeOpenCLLibrary
0x00007ff73ccd2839 (Unity) gi::InitializeManagers
0x00007ff73c76fd05 (Unity) Application::InitializeProject
0x00007ff73cbd6078 (Unity) WinMain
0x00007ff73dfb2e1e (Unity) __scrt_common_main_seh
0x00007ff9ba067604 (KERNEL32) BaseThreadInitThunk
0x00007ff9bc0426a1 (ntdll) RtlUserThreadStart

Could not load symbol clCreateFromGLTexture : Не найдена указанная процедура.

0x00007ff73bc2d1dd (Unity) StackWalker::GetCurrentCallstack
0x00007ff73bc33d99 (Unity) StackWalker::ShowCallstack
0x00007ff73cbcb913 (Unity) GetStacktrace
0x00007ff73d27a1cd (Unity) DebugStringToFile
0x00007ff73b9bb428 (Unity) LookupSymbol
0x00007ff73cdf9946 (Unity) InitializeOpenCLLibrary
0x00007ff73ccd2839 (Unity) gi::InitializeManagers
0x00007ff73c76fd05 (Unity) Application::InitializeProject
0x00007ff73cbd6078 (Unity) WinMain
0x00007ff73dfb2e1e (Unity) __scrt_common_main_seh
0x00007ff9ba067604 (KERNEL32) BaseThreadInitThunk
0x00007ff9bc0426a1 (ntdll) RtlUserThreadStart

Initialize mono
Mono path[0] = 'C:/Program Files/Unity/Hub/Editor/2021.3.21f1/Editor/Data/Managed'
Mono path[1] = 'C:/Program Files/Unity/Hub/Editor/2021.3.21f1/Editor/Data/MonoBleedingEdge/lib/mono/unityjit-win32'
Mono config path = 'C:/Program Files/Unity/Hub/Editor/2021.3.21f1/Editor/Data/MonoBleedingEdge/etc'
Using monoOptions --debugger-agent=transport=dt_socket,embedding=1,server=y,suspend=n,address=127.0.0.1:56492
Begin MonoManager ReloadAssembly
Registering precompiled unity dll's ...
Register platform support module: C:/Program Files/Unity/Hub/Editor/2021.3.21f1/Editor/Data/PlaybackEngines/WebGLSupport/UnityEditor.WebGL.Extensions.dll
Register platform support module: C:/Program Files/Unity/Hub/Editor/2021.3.21f1/Editor/Data/PlaybackEngines/AndroidPlayer/UnityEditor.Android.Extensions.dll
Register platform support module: C:/Program Files/Unity/Hub/Editor/2021.3.21f1/Editor/Data/PlaybackEngines/WindowsStandaloneSupport/UnityEditor.WindowsStandalone.Extensions.dll
Registered in 0.015296 seconds.
Native extension for WindowsStandalone target not found
Native extension for Android target not found
Android Extension - Scanning For ADB Devices 363 ms
Native extension for WebGL target not found
Refreshing native plugins compatible for Editor in 140.98 ms, found 3 plugins.
Preloading 0 native plugins for Editor in 0.00 ms.
Mono: successfully reloaded assembly
- Completed reload, in  1.471 seconds
Domain Reload Profiling:
	ReloadAssembly (1472ms)
		BeginReloadAssembly (155ms)
			ExecutionOrderSort (0ms)
			DisableScriptedObjects (0ms)
			BackupInstance (0ms)
			ReleaseScriptingObjects (0ms)
			CreateAndSetChildDomain (1ms)
		EndReloadAssembly (1139ms)
			LoadAssemblies (152ms)
			RebuildTransferFunctionScriptingTraits (0ms)
			SetupTypeCache (178ms)
			ReleaseScriptCaches (0ms)
			RebuildScriptCaches (47ms)
			SetupLoadedEditorAssemblies (830ms)
				LogAssemblyErrors (0ms)
				InitializePlatformSupportModulesInManaged (472ms)
				SetLoadedEditorAssemblies (0ms)
				RefreshPlugins (141ms)
				BeforeProcessingInitializeOnLoad (2ms)
				ProcessInitializeOnLoadAttributes (146ms)
				ProcessInitializeOnLoadMethodAttributes (68ms)
				AfterProcessingInitializeOnLoad (0ms)
				EditorAssembliesLoaded (0ms)
			ExecutionOrderSort2 (0ms)
			AwakeInstancesAfterBackupRestoration (0ms)
Platform modules already initialized, skipping
Registering precompiled user dll's ...
Registered in 0.008772 seconds.
Begin MonoManager ReloadAssembly
Symbol file LoadedFromMemory doesn't match image C:\Users\Lerapod\Game\Library\PackageCache\com.unity.visualscripting@1.8.0\Editor\VisualScripting.Core\Dependencies\YamlDotNet\Unity.VisualScripting.YamlDotNet.dll
Symbol file LoadedFromMemory doesn't match image C:\Users\Lerapod\Game\Library\PackageCache\com.unity.visualscripting@1.8.0\Editor\VisualScripting.Core\Dependencies\DotNetZip\Unity.VisualScripting.IonicZip.dll
Native extension for WindowsStandalone target not found
Native extension for Android target not found
Native extension for WebGL target not found
Refreshing native plugins compatible for Editor in 0.87 ms, found 3 plugins.
Preloading 0 native plugins for Editor in 0.00 ms.
Mono: successfully reloaded assembly
Package Manager log level set to [2]
- Completed reload, in  1.569 seconds
Domain Reload Profiling:
	ReloadAssembly (1570ms)
		BeginReloadAssembly (190ms)
			ExecutionOrderSort (0ms)
			DisableScriptedObjects (10ms)
			BackupInstance (0ms)
			ReleaseScriptingObjects (0ms)
			CreateAndSetChildDomain (28ms)
		EndReloadAssembly (1203ms)
			LoadAssemblies (142ms)
			RebuildTransferFunctionScriptingTraits (0ms)
			SetupTypeCache (354ms)
			ReleaseScriptCaches (1ms)
			RebuildScriptCaches (87ms)
			SetupLoadedEditorAssemblies (560ms)
				LogAssemblyErrors (0ms)
				InitializePlatformSupportModulesInManaged (32ms)
				SetLoadedEditorAssemblies (1ms)
				RefreshPlugins (1ms)
				BeforeProcessingInitializeOnLoad (147ms)
				ProcessInitializeOnLoadAttributes (335ms)
				ProcessInitializeOnLoadMethodAttributes (31ms)
				AfterProcessingInitializeOnLoad (13ms)
				EditorAssembliesLoaded (0ms)
			ExecutionOrderSort2 (0ms)
			AwakeInstancesAfterBackupRestoration (9ms)
Platform modules already initialized, skipping
========================================================================
Worker process is ready to serve import requests
Launched and connected shader compiler UnityShaderCompiler.exe after 0.05 seconds
Refreshing native plugins compatible for Editor in 0.98 ms, found 3 plugins.
Preloading 0 native plugins for Editor in 0.00 ms.
Unloading 3243 Unused Serialized files (Serialized files now loaded: 0)
Unloading 39 unused Assets / (88.5 KB). Loaded Objects now: 3695.
Memory consumption went from 115.0 MB to 115.0 MB.
Total: 4.326300 ms (FindLiveObjects: 0.327500 ms CreateObjectMapping: 0.170100 ms MarkObjects: 3.693700 ms  DeleteObjects: 0.133500 ms)

AssetImportParameters requested are different than current active one (requested -> active):
  custom:video-decoder-ogg-theora: a1e56fd34408186e4bbccfd4996cb3dc -> 
  custom:container-muxer-webm: aa71ff27fc2769a1b78a27578f13a17b -> 
  custom:container-demuxer-webm: 4f35f7cbe854078d1ac9338744f61a02 -> 
  custom:video-encoder-webm-vp8: eb34c28f22e8b96e1ab97ce403110664 -> 
  custom:audio-encoder-webm-vorbis: bf7c407c2cedff20999df2af8eb42d56 -> 
  custom:framework-win-MediaFoundation: 216162199b28c13a410421893ffa2e32 -> 
  custom:container-demuxer-ogg: 62fdf1f143b41e24485cea50d1cbac27 -> 
  custom:video-decoder-webm-vp8: 9c59270c3fd7afecdb556c50c9e8de78 -> 
  custom:audio-decoder-ogg-vorbis: bf7c407c2cedff20999df2af8eb42d56 -> 
========================================================================
Received Import Request.
  Time since last request: 81887.948861 seconds.
  path: Assets/Scenes/Main.unity
  artifactKey: Guid(3fc8acdd13e6c734bafef6554d6fdbcd) Importer(815301076,1909f56bfc062723c751e8b465ee728b)
Start importing Assets/Scenes/Main.unity using Guid(3fc8acdd13e6c734bafef6554d6fdbcd) Importer(815301076,1909f56bfc062723c751e8b465ee728b)  -> (artifact id: 'bcabd69bc009f281b71078cb7d498c39') in 0.009305 seconds 
========================================================================
Received Import Request.
  Time since last request: 2.277724 seconds.
  path: Assets/Scenes/Game.unity
  artifactKey: Guid(70ac6b130e5487641ad60acdf8f98523) Importer(815301076,1909f56bfc062723c751e8b465ee728b)
Start importing Assets/Scenes/Game.unity using Guid(70ac6b130e5487641ad60acdf8f98523) Importer(815301076,1909f56bfc062723c751e8b465ee728b)  -> (artifact id: '78dc754ca08dc4fc90d0e1fb6100fd8c') in 0.011024 seconds 
